TN:
SF:/home/code123/Documents/js/ribbit2/server/config/index.js
FNF:0
FNH:0
DA:1,1
LF:1
LH:1
BRF:0
BRH:0
end_of_record
TN:
SF:/home/code123/Documents/js/ribbit2/server/controllers/users.js
FN:5,(anonymous_0)
FN:17,(anonymous_1)
FN:42,(anonymous_2)
FN:47,(anonymous_3)
FNF:4
FNH:0
FNDA:0,(anonymous_0)
FNDA:0,(anonymous_1)
FNDA:0,(anonymous_2)
FNDA:0,(anonymous_3)
DA:1,1
DA:2,1
DA:3,1
DA:5,1
DA:6,0
DA:16,1
DA:19,0
DA:21,0
DA:22,0
DA:23,0
DA:28,0
DA:33,0
DA:35,0
DA:37,0
DA:43,0
DA:44,0
DA:48,0
DA:49,0
LF:18
LH:5
BRDA:22,0,0,0
BRDA:22,0,1,0
BRF:2
BRH:0
end_of_record
